<?xml version="1.0" encoding="UTF-8"?>
<testng-results ignored="0" total="1" passed="1" failed="0" skipped="0">
  <reporter-output>
  </reporter-output>
  <suite started-at="2023-06-26T12:45:15 IST" name="Default suite" finished-at="2023-06-26T12:45:15 IST" duration-ms="26">
    <groups>
    </groups>
    <test started-at="2023-06-26T12:45:15 IST" name="Default test" finished-at="2023-06-26T12:45:15 IST" duration-ms="26">
      <class name="Ps2">
        <test-method is-config="true" signature="beforeRun()[pri:0, instance:Ps2@52102734]" started-at="2023-06-26T12:45:15 IST" name="beforeRun" finished-at="2023-06-26T12:45:15 IST" duration-ms="2" status="PASS">
          <reporter-output>
          </reporter-output>
        </test-method> <!-- beforeRun -->
        <test-method signature="getdata1()[pri:0, instance:Ps2@52102734]" started-at="2023-06-26T12:45:15 IST" name="getdata1" finished-at="2023-06-26T12:45:15 IST" duration-ms="4" status="PASS">
          <reporter-output>
          </reporter-output>
        </test-method> <!-- getdata1 -->
      </class> <!-- Ps2 -->
    </test> <!-- Default test -->
  </suite> <!-- Default suite -->
</testng-results>
